<?xml version="1.0" encoding="UTF-8"?>
<!-- Generated by org.testng.reporters.JUnitReportReporter -->
<testsuite hostname="DESKTOP-5BKKI8L" failures="0" tests="3" name="com.allianz.test.LoginTestDataProvider" time="44.384" errors="0" timestamp="2024-04-16T00:14:42 PDT" skipped="0">
  <testcase classname="com.allianz.test.LoginTestDataProvider" name="invalidLoginTest" time="10.783"/>
  <testcase classname="com.allianz.test.LoginTestDataProvider" name="validLoginTest" time="22.466"/>
  <testcase classname="com.allianz.test.LoginTestDataProvider" name="invalidLoginTest" time="11.135"/>
</testsuite> <!-- com.allianz.test.LoginTestDataProvider -->
