<?xml version="1.0" encoding="UTF-8"?>
<!-- Generated by org.testng.reporters.JUnitReportReporter -->
<testsuite hostname="DESKTOP-5BKKI8L" failures="0" tests="1" name="com.allianz.test.LoginTestDataProvider" time="15.664" errors="0" timestamp="2024-04-29T04:44:54 PDT" skipped="0">
  <testcase classname="com.allianz.test.LoginTestDataProvider" name="ValidLoginTest" time="15.664"/>
</testsuite> <!-- com.allianz.test.LoginTestDataProvider -->
