<?xml version="1.0" encoding="UTF-8"?>
<!-- Generated by org.testng.reporters.JUnitReportReporter -->
<testsuite hostname="DESKTOP-5BKKI8L" failures="0" tests="3" name="com.allianz.test.ZDemoTest" time="19.209" errors="0" timestamp="2024-04-16T00:06:41 PDT" skipped="0">
  <testcase classname="com.allianz.test.ZDemoTest" name="validTest" time="6.974"/>
  <testcase classname="com.allianz.test.ZDemoTest" name="validTest" time="7.990"/>
  <testcase classname="com.allianz.test.ZDemoTest" name="validTest" time="4.245"/>
</testsuite> <!-- com.allianz.test.ZDemoTest -->
