<?xml version="1.0" encoding="UTF-8"?>
<!-- Generated by org.testng.reporters.JUnitReportReporter -->
<testsuite hostname="DESKTOP-5BKKI8L" failures="0" tests="3" name="com.allianz.test.LoginUITest" time="106.018" errors="0" timestamp="2024-04-05T00:26:44 PDT" skipped="0">
  <testcase classname="com.allianz.test.LoginUITest" name="applicationDescriptionTest" time="13.439"/>
  <testcase classname="com.allianz.test.LoginUITest" name="applicationDescriptionTest" time="24.461"/>
  <testcase classname="com.allianz.test.LoginUITest" name="applicationDescriptionTest" time="68.118"/>
</testsuite> <!-- com.allianz.test.LoginUITest -->
