<?xml version="1.0" encoding="UTF-8"?>
<!-- Generated by org.testng.reporters.JUnitReportReporter -->
<testsuite hostname="DESKTOP-5BKKI8L" failures="0" tests="2" name="com.allianz.test.LoginTestDataProvider" time="40.035" errors="0" timestamp="2024-05-02T07:11:16 PDT" skipped="0">
  <testcase classname="com.allianz.test.LoginTestDataProvider" name="invalidLoginTest" time="20.586"/>
  <testcase classname="com.allianz.test.LoginTestDataProvider" name="invalidLoginTest" time="19.449"/>
</testsuite> <!-- com.allianz.test.LoginTestDataProvider -->
