<?xml version="1.0" encoding="UTF-8"?>
<!-- Generated by org.testng.reporters.JUnitReportReporter -->
<testsuite hostname="DESKTOP-5BKKI8L" failures="0" tests="4" name="com.allianz.test.LoginUITest" time="101.719" errors="0" timestamp="2024-04-05T01:22:23 PDT" skipped="0">
  <testcase classname="com.allianz.test.LoginUITest" name="titleTest" time="15.569"/>
  <testcase classname="com.allianz.test.LoginUITest" name="applicationDescriptionTest" time="27.522"/>
  <testcase classname="com.allianz.test.LoginUITest" name="applicationDescriptionTest" time="28.226"/>
  <testcase classname="com.allianz.test.LoginUITest" name="applicationDescriptionTest" time="30.402"/>
</testsuite> <!-- com.allianz.test.LoginUITest -->
